<?xml version="1.0" encoding="UTF-8"?>
<testsuites name="jest tests" tests="4" failures="0" errors="0" time="1.553">
  <testsuite name="attendance API integration tests" errors="0" failures="0" skipped="0" timestamp="2026-04-25T13:50:26" time="1.349" tests="4">
    <testcase classname="attendance API integration tests GET /health returns service health" name="attendance API integration tests GET /health returns service health" time="0.036">
    </testcase>
    <testcase classname="attendance API integration tests POST /api/attendance creates attendance record" name="attendance API integration tests POST /api/attendance creates attendance record" time="0.033">
    </testcase>
    <testcase classname="attendance API integration tests GET /api/summary returns attendance summary" name="attendance API integration tests GET /api/summary returns attendance summary" time="0.017">
    </testcase>
    <testcase classname="attendance API integration tests POST /api/attendance rejects invalid payload" name="attendance API integration tests POST /api/attendance rejects invalid payload" time="0.013">
    </testcase>
  </testsuite>
</testsuites>